<?xml version="1.0" encoding="UTF-8"?>
<testsuite name="agh.oop.project.model.animals.AbstractAnimalTest" tests="1" skipped="0" failures="0" errors="0" timestamp="2025-01-08T17:59:19" hostname="VICTUSPIOTER" time="0.049">
  <properties/>
  <testcase name="mutateGenomeTest()" classname="agh.oop.project.model.animals.AbstractAnimalTest" time="0.049"/>
  <system-out><![CDATA[old genome 1| new genome 3
old genome 5| new genome 6
old genome 4| new genome 2
[0, 3, 2, 3, 2, 6, 6, 7]
[0, 1, 2, 3, 4, 5, 6, 7]
]]></system-out>
  <system-err><![CDATA[]]></system-err>
</testsuite>
