<?xml version="1.0" encoding="UTF-8"?>
<testsuite name="agh.oop.project.SimulationTest" tests="1" skipped="0" failures="0" errors="0" timestamp="2025-01-19T01:47:00" hostname="VICTUSPIOTER" time="0.021">
  <properties/>
  <testcase name="dayCycleTest()" classname="agh.oop.project.SimulationTest" time="0.021"/>
  <system-out><![CDATA[]]></system-out>
  <system-err><![CDATA[]]></system-err>
</testsuite>
